<?xml version="1.0" encoding="UTF-8"?>
<testsuite name="br.com.ingaramo.gympass.file.ListItemTokenizerTest" tests="3" skipped="0" failures="0" errors="0" timestamp="2019-04-07T04:21:35" hostname="lnxcit017514" time="0.018">
  <properties/>
  <testcase name="testMultipleLineTokenize" classname="br.com.ingaramo.gympass.file.ListItemTokenizerTest" time="0.016"/>
  <testcase name="testSingleLineTokenize" classname="br.com.ingaramo.gympass.file.ListItemTokenizerTest" time="0.0"/>
  <testcase name="testHeaderOnlyTokenize" classname="br.com.ingaramo.gympass.file.ListItemTokenizerTest" time="0.0"/>
  <system-out><![CDATA[]]></system-out>
  <system-err><![CDATA[]]></system-err>
</testsuite>
